<?xml version="1.0" encoding="UTF-8"?>
<!-- Generated by org.testng.reporters.JUnitReportReporter -->
<testsuite skipped="0" hostname="PUNITP367781L" name="stepDefinations.StepDefinations9" tests="3" failures="0" timestamp="2020-11-06T22:35:44 IST" time="12.538" errors="0">
  <testcase name="testMethod" time="4.630" classname="stepDefinations.StepDefinations9"/>
  <system-out/>
  <testcase name="testMethod" time="2.146" classname="stepDefinations.StepDefinations9"/>
  <system-out/>
  <testcase name="testMethod" time="5.762" classname="stepDefinations.StepDefinations9"/>
  <system-out/>
</testsuite> <!-- stepDefinations.StepDefinations9 -->
